  Source.cpp
C:\Users\jirij\Desktop\PMOR\Module\Module\Source.cpp(13,2): error C3861: 'wiringPiSetup': identifier not found
C:\Users\jirij\Desktop\PMOR\Module\Module\Source.cpp(14,30): error C2065: 'OUTPUT': undeclared identifier
C:\Users\jirij\Desktop\PMOR\Module\Module\Source.cpp(14,19): error C3861: 'pinMode': identifier not found
C:\Users\jirij\Desktop\PMOR\Module\Module\Source.cpp(15,30): error C2065: 'OUTPUT': undeclared identifier
C:\Users\jirij\Desktop\PMOR\Module\Module\Source.cpp(15,19): error C3861: 'pinMode': identifier not found
C:\Users\jirij\Desktop\PMOR\Module\Module\Source.cpp(17,27): error C2065: 'OUTPUT': undeclared identifier
C:\Users\jirij\Desktop\PMOR\Module\Module\Source.cpp(17,16): error C3861: 'pinMode': identifier not found
C:\Users\jirij\Desktop\PMOR\Module\Module\Source.cpp(18,27): error C2065: 'OUTPUT': undeclared identifier
C:\Users\jirij\Desktop\PMOR\Module\Module\Source.cpp(18,16): error C3861: 'pinMode': identifier not found
C:\Users\jirij\Desktop\PMOR\Module\Module\Source.cpp(20,26): error C2065: 'INPUT': undeclared identifier
C:\Users\jirij\Desktop\PMOR\Module\Module\Source.cpp(20,14): error C3861: 'pinMode': identifier not found
C:\Users\jirij\Desktop\PMOR\Module\Module\Source.cpp(21,27): error C2065: 'INPUT': undeclared identifier
C:\Users\jirij\Desktop\PMOR\Module\Module\Source.cpp(21,15): error C3861: 'pinMode': identifier not found
C:\Users\jirij\Desktop\PMOR\Module\Module\Source.cpp(23,33): error C2065: 'INPUT': undeclared identifier
C:\Users\jirij\Desktop\PMOR\Module\Module\Source.cpp(23,22): error C3861: 'pinMode': identifier not found
C:\Users\jirij\Desktop\PMOR\Module\Module\Source.cpp(24,33): error C2065: 'INPUT': undeclared identifier
C:\Users\jirij\Desktop\PMOR\Module\Module\Source.cpp(24,22): error C3861: 'pinMode': identifier not found
C:\Users\jirij\Desktop\PMOR\Module\Module\Source.cpp(26,29): error C2065: 'OUTPUT': undeclared identifier
C:\Users\jirij\Desktop\PMOR\Module\Module\Source.cpp(26,18): error C3861: 'pinMode': identifier not found
C:\Users\jirij\Desktop\PMOR\Module\Module\Source.cpp(27,29): error C2065: 'OUTPUT': undeclared identifier
C:\Users\jirij\Desktop\PMOR\Module\Module\Source.cpp(27,18): error C3861: 'pinMode': identifier not found
C:\Users\jirij\Desktop\PMOR\Module\Module\Source.cpp(31,7): error C3861: 'digitalRead': identifier not found
C:\Users\jirij\Desktop\PMOR\Module\Module\Source.cpp(31,32): warning C4805: '==': unsafe mix of type 'unknown-type' and type 'bool' in operation
C:\Users\jirij\Desktop\PMOR\Module\Module\Source.cpp(33,4): error C3861: 'digitalWrite': identifier not found
C:\Users\jirij\Desktop\PMOR\Module\Module\Source.cpp(34,4): error C3861: 'digitalWrite': identifier not found
C:\Users\jirij\Desktop\PMOR\Module\Module\Source.cpp(35,4): error C3861: 'delay': identifier not found
C:\Users\jirij\Desktop\PMOR\Module\Module\Source.cpp(36,4): error C3861: 'digitalWrite': identifier not found
C:\Users\jirij\Desktop\PMOR\Module\Module\Source.cpp(37,4): error C3861: 'digitalWrite': identifier not found
C:\Users\jirij\Desktop\PMOR\Module\Module\Source.cpp(38,4): error C3861: 'digitalWrite': identifier not found
C:\Users\jirij\Desktop\PMOR\Module\Module\Source.cpp(39,4): error C3861: 'digitalWrite': identifier not found
C:\Users\jirij\Desktop\PMOR\Module\Module\Source.cpp(41,12): error C3861: 'digitalRead': identifier not found
C:\Users\jirij\Desktop\PMOR\Module\Module\Source.cpp(41,38): warning C4805: '==': unsafe mix of type 'unknown-type' and type 'bool' in operation
C:\Users\jirij\Desktop\PMOR\Module\Module\Source.cpp(43,4): error C3861: 'digitalWrite': identifier not found
C:\Users\jirij\Desktop\PMOR\Module\Module\Source.cpp(44,4): error C3861: 'digitalWrite': identifier not found
C:\Users\jirij\Desktop\PMOR\Module\Module\Source.cpp(45,4): error C3861: 'digitalWrite': identifier not found
C:\Users\jirij\Desktop\PMOR\Module\Module\Source.cpp(46,4): error C3861: 'digitalWrite': identifier not found
C:\Users\jirij\Desktop\PMOR\Module\Module\Source.cpp(47,11): error C3861: 'digitalRead': identifier not found
C:\Users\jirij\Desktop\PMOR\Module\Module\Source.cpp(47,50): error C3861: 'digitalRead': identifier not found
C:\Users\jirij\Desktop\PMOR\Module\Module\Source.cpp(49,9): error C3861: 'digitalRead': identifier not found
C:\Users\jirij\Desktop\PMOR\Module\Module\Source.cpp(49,43): warning C4805: '==': unsafe mix of type 'unknown-type' and type 'bool' in operation
C:\Users\jirij\Desktop\PMOR\Module\Module\Source.cpp(51,6): error C3861: 'digitalWrite': identifier not found
C:\Users\jirij\Desktop\PMOR\Module\Module\Source.cpp(53,9): error C3861: 'digitalRead': identifier not found
C:\Users\jirij\Desktop\PMOR\Module\Module\Source.cpp(53,43): warning C4805: '==': unsafe mix of type 'unknown-type' and type 'bool' in operation
C:\Users\jirij\Desktop\PMOR\Module\Module\Source.cpp(55,6): error C3861: 'digitalWrite': identifier not found
